#
# There is insufficient memory for the Java Runtime Environment to continue.
# Native memory allocation (malloc) failed to allocate 1048576 bytes for AllocateHeap
# Possible reasons:
#   The system is out of physical RAM or swap space
#   In 32 bit mode, the process size limit was hit
# Possible solutions:
#   Reduce memory load on the system
#   Increase physical memory or swap space
#   Check if swap backing store is full
#   Use 64 bit Java on a 64 bit OS
#   Decrease Java heap size (-Xmx/-Xms)
#   Decrease number of Java threads
#   Decrease Java thread stack sizes (-Xss)
#   Set larger code cache with -XX:ReservedCodeCacheSize=
# This output file may be truncated or incomplete.
#
#  Out of Memory Error (memory/allocation.inline.hpp:61), pid=11196, tid=3708
#
# JRE version:  (8.0_65-b17) (build )
# Java VM: Java HotSpot(TM) 64-Bit Server VM (25.65-b01 mixed mode windows-amd64 compressed oops)
# Failed to write core dump. Minidumps are not enabled by default on client versions of Windows
#

---------------  T H R E A D  ---------------

Current thread (0x00000000007fd800):  JavaThread "Unknown thread" [_thread_in_vm, id=3708, stack(0x0000000001f80000,0x0000000002080000)]

Stack: [0x0000000001f80000,0x0000000002080000]
[error occurred during error reporting (printing stack bounds), id 0xc0000005]

Native frames: (J=compiled Java code, j=interpreted, Vv=VM code, C=native code)


---------------  P R O C E S S  ---------------

Java Threads: ( => current thread )

Other Threads:

=>0x00000000007fd800 (exited) JavaThread "Unknown thread" [_thread_in_vm, id=3708, stack(0x0000000001f80000,0x0000000002080000)]

VM state:not at safepoint (normal execution)

VM Mutex/Monitor currently owned by a thread: None

Heap:
 PSYoungGen      total 28672K, used 491K [0x00000000e0980000, 0x00000000e2980000, 0x0000000100000000)
  eden space 24576K, 2% used [0x00000000e0980000,0x00000000e09fae20,0x00000000e2180000)
  from space 4096K, 0% used [0x00000000e2580000,0x00000000e2580000,0x00000000e2980000)
  to   space 4096K, 0% used [0x00000000e2180000,0x00000000e2180000,0x00000000e2580000)
 ParOldGen       total 65536K, used 0K [0x00000000a1c00000, 0x00000000a5c00000, 0x00000000e0980000)
  object space 65536K, 0% used [0x00000000a1c00000,0x00000000a1c00000,0x00000000a5c00000)
 Metaspace       used 750K, capacity 1092K, committed 1152K, reserved 1060864K
  class space    used 75K, capacity 384K, committed 384K, reserved 1048576K

Card table byte_map: [0x0000000011540000,0x0000000011840000] byte_map_base: 0x0000000011032000

Marking Bits: (ParMarkBitMap*) 0x000000005ca1a5b0
 Begin Bits: [0x0000000011e40000, 0x00000000135d0000)
 End Bits:   [0x00000000135d0000, 0x0000000014d60000)

Polling page: 0x00000000007a0000

CodeCache: size=245760Kb used=328Kb max_used=328Kb free=245431Kb
 bounds [0x0000000002180000, 0x00000000023f0000, 0x0000000011180000]
 total_blobs=57 nmethods=0 adapters=37
 compilation: enabled

Compilation events (0 events):
No events

GC Heap History (0 events):
No events

Deoptimization events (0 events):
No events

Internal exceptions (0 events):
No events

Events (10 events):
Event: 0.160 loading class java/lang/Short
Event: 0.169 loading class java/lang/Short done
Event: 0.169 loading class java/lang/Integer
Event: 0.169 loading class java/lang/Integer done
Event: 0.169 loading class java/lang/Long
Event: 0.170 loading class java/lang/Long done
Event: 0.171 loading class java/lang/NullPointerException
Event: 0.171 loading class java/lang/NullPointerException done
Event: 0.171 loading class java/lang/ArithmeticException
Event: 0.171 loading class java/lang/ArithmeticException done


Dynamic libraries:
0x00007ff6db430000 - 0x00007ff6db467000 	C:\Program Files\Java\jre1.8.0_65\bin\javaw.exe
0x00007ff815240000 - 0x00007ff815401000 	C:\Windows\SYSTEM32\ntdll.dll
0x00007ff814ce0000 - 0x00007ff814d8d000 	C:\Windows\system32\KERNEL32.DLL
0x00007ff811e20000 - 0x00007ff811ffd000 	C:\Windows\system32\KERNELBASE.dll
0x00007ff814560000 - 0x00007ff814606000 	C:\Windows\system32\ADVAPI32.dll
0x00007ff812d40000 - 0x00007ff812ddd000 	C:\Windows\system32\msvcrt.dll
0x00007ff815090000 - 0x00007ff8150eb000 	C:\Windows\system32\sechost.dll
0x00007ff812910000 - 0x00007ff812a36000 	C:\Windows\system32\RPCRT4.dll
0x00007ff814d90000 - 0x00007ff814ede000 	C:\Windows\system32\USER32.dll
0x00007ff812bb0000 - 0x00007ff812d36000 	C:\Windows\system32\GDI32.dll
0x00007ff809af0000 - 0x00007ff809d64000 	C:\Windows\WinSxS\amd64_microsoft.windows.common-controls_6595b64144ccf1df_6.0.10240.16384_none_f41f7b285750ef43\COMCTL32.dll
0x00007ff812b10000 - 0x00007ff812b46000 	C:\Windows\system32\IMM32.DLL
0x00007ff812ec0000 - 0x00007ff81301c000 	C:\Windows\system32\MSCTF.dll
0x000000005da50000 - 0x000000005db22000 	C:\Program Files\Java\jre1.8.0_65\bin\msvcr100.dll
0x000000005c210000 - 0x000000005ca99000 	C:\Program Files\Java\jre1.8.0_65\bin\server\jvm.dll
0x00007ff812df0000 - 0x00007ff812df8000 	C:\Windows\system32\PSAPI.DLL
0x00007ff800000000 - 0x00007ff800009000 	C:\Windows\SYSTEM32\WSOCK32.dll
0x00007ff814800000 - 0x00007ff814869000 	C:\Windows\system32\WS2_32.dll
0x00007ff814550000 - 0x00007ff814558000 	C:\Windows\system32\NSI.dll
0x00007ff80fae0000 - 0x00007ff80fb03000 	C:\Windows\SYSTEM32\WINMM.dll
0x00007ff806e70000 - 0x00007ff806e7a000 	C:\Windows\SYSTEM32\VERSION.dll
0x00007ff80fa80000 - 0x00007ff80faac000 	C:\Windows\SYSTEM32\WINMMBASE.dll
0x00007ff812800000 - 0x00007ff812844000 	C:\Windows\system32\cfgmgr32.dll
0x00007ff8105e0000 - 0x00007ff810607000 	C:\Windows\SYSTEM32\DEVOBJ.dll
0x000000005dc10000 - 0x000000005dc1f000 	C:\Program Files\Java\jre1.8.0_65\bin\verify.dll
0x000000005dbe0000 - 0x000000005dc09000 	C:\Program Files\Java\jre1.8.0_65\bin\java.dll
0x000000005dbc0000 - 0x000000005dbd6000 	C:\Program Files\Java\jre1.8.0_65\bin\zip.dll

VM Arguments:
jvm_args: -Dfile.encoding=Cp1252 
java_command: org.eclipse.jdt.internal.junit.runner.RemoteTestRunner -version 3 -port 38297 -testLoaderClass org.eclipse.jdt.internal.junit4.runner.JUnit4TestLoader -loaderpluginname org.eclipse.jdt.junit4.runtime -classNames main.test.SystemInfoTest
java_class_path (initial): C:\Users\DK Luffy\workspace\oshi-CPU-Z\bin;C:\Users\DK Luffy\Downloads\jna-4.2.1.jar;C:\Users\DK Luffy\Downloads\jna-platform-4.2.1.jar;C:\eclipse\plugins\org.junit_4.12.0.v201504281640\junit.jar;C:\eclipse\plugins\org.hamcrest.core_1.3.0.v201303031735.jar;/C:/eclipse/configuration/org.eclipse.osgi/383/0/.cp/;/C:/eclipse/configuration/org.eclipse.osgi/382/0/.cp/
Launcher Type: SUN_STANDARD

Environment Variables:
JAVA_HOME=C:\Program Files\Java\jdk1.8.0_60
PATH=C:/Program Files/Java/jre1.8.0_65/bin/server;C:/Program Files/Java/jre1.8.0_65/bin;C:/Program Files/Java/jre1.8.0_65/lib/amd64;C:\app\DKLuffy\product\12.1.0\dbhome_1\bin;C:\ProgramData\Oracle\Java\javapath;C:\Windows\system32;C:\Windows;C:\Windows\System32\Wbem;C:\Windows\System32\WindowsPowerShell\v1.0\;C:\Windows\system32\config\systemprofile\.dnx\bin;C:\Program Files\Microsoft DNX\Dnvm\;C:\Program Files\Microsoft SQL Server\120\Tools\Binn\;C:\Program Files\Microsoft SQL Server\120\DTS\Binn\;C:\Program Files\Microsoft SQL Server\Client SDK\ODBC\110\Tools\Binn\;C:\Program Files (x86)\Microsoft SQL Server\120\Tools\Binn\;C:\Program Files (x86)\Microsoft SQL Server\120\Tools\Binn\ManagementStudio\;C:\Program Files (x86)\Microsoft SQL Server\120\DTS\Binn\;C:\Program Files\TortoiseHg\;C:\Program Files (x86)\Mercurial\;C:\Program Files\Java\jdk1.8.0_60\bin;F:\New Folder\apache-maven-3.3.3\bin;C:\Program Files (x86)\MySQL\MySQL Fabric 1.5 & MySQL Utilities 1.5\;C:\Program Files (x86)\MySQL\MySQL Fabric 1.5 & MySQL Utilities 1.5\Doctrine extensions for PHP\;C:\xampp\php;C:\ProgramData\ComposerSetup\bin;C:\apache-tomcat-8.0.28\bin;H:\Program;C:\Program Files (x86)\Skype\Phone\;C:\Program Files (x86)\Brackets\command;C:\Users\DK Luffy\.dnx\bin;C:\eclipse;
USERNAME=DK Luffy
OS=Windows_NT
PROCESSOR_IDENTIFIER=Intel64 Family 6 Model 58 Stepping 9, GenuineIntel



---------------  S Y S T E M  ---------------

OS: Windows 10.0 , 64 bit Build 10240 (10.0.10240.16384)

CPU:total 4 (2 cores per cpu, 2 threads per core) family 6 model 58 stepping 9, cmov, cx8, fxsr, mmx, sse, sse2, sse3, ssse3, sse4.1, sse4.2, popcnt, avx, clmul, erms, ht, tsc, tscinvbit, tscinv

Memory: 4k page, physical 6174240k(1865012k free), swap 12318240k(5916k free)

vm_info: Java HotSpot(TM) 64-Bit Server VM (25.65-b01) for windows-amd64 JRE (1.8.0_65-b17), built on Oct  6 2015 16:39:20 by "java_re" with MS VC++ 10.0 (VS2010)

time: Thu Dec 17 10:29:54 2015
elapsed time: 0 seconds (0d 0h 0m 0s)

